<?xml version="1.0" encoding="UTF-8"?>
<!-- Generated by org.testng.reporters.JUnitReportReporter -->
<testsuite hostname="Munendra" failures="0" tests="2" name="TestCases.LoginPageTest" time="28.486" errors="0" timestamp="2023-12-06T12:27:02 IST" skipped="0">
  <testcase classname="TestCases.LoginPageTest" name="loginTest" time="13.469"/>
  <testcase classname="TestCases.LoginPageTest" name="loginPageTitileTest" time="15.017"/>
</testsuite> <!-- TestCases.LoginPageTest -->
