<?xml version="1.0" encoding="UTF-8"?>
<!-- Generated by org.testng.reporters.JUnitReportReporter -->
<testsuite hostname="Munendra" failures="0" tests="6" name="TestCases.HomePageTest" time="63.259" errors="0" timestamp="2023-11-28T17:46:59 IST" skipped="0">
  <testcase classname="TestCases.HomePageTest" name="verifyHomePageTitleTest" time="8.756"/>
  <testcase classname="TestCases.HomePageTest" name="VerifyTimeAtWorkGridTest" time="8.621"/>
  <testcase classname="TestCases.HomePageTest" name="verifyMyActionsGrid" time="8.703"/>
  <testcase classname="TestCases.HomePageTest" name="verifyAdminLinkTest" time="13.791"/>
  <testcase classname="TestCases.HomePageTest" name="verifyPIMLinkTest" time="10.221"/>
  <testcase classname="TestCases.HomePageTest" name="verifyleaveLink" time="13.167"/>
</testsuite> <!-- TestCases.HomePageTest -->
