<?xml version="1.0" encoding="UTF-8"?>
<!-- Generated by org.testng.reporters.JUnitReportReporter -->
<testsuite hostname="Munendra" failures="0" tests="1" name="TestCases.AdminPageTest" time="32.803" errors="0" timestamp="2023-12-06T13:12:56 IST" skipped="0">
  <testcase classname="TestCases.AdminPageTest" name="userManangementButtonTest" time="32.803"/>
</testsuite> <!-- TestCases.AdminPageTest -->
