<?xml version="1.0" encoding="UTF-8"?>
<!-- Generated by org.testng.reporters.JUnitReportReporter -->
<testsuite hostname="Munendra" failures="0" tests="2" name="Utilities.ReadXLSData" time="169.591" errors="0" timestamp="2023-12-08T12:06:21 IST" skipped="0">
  <testcase classname="Utilities.ReadXLSData" name="loginTest" time="165.080"/>
  <testcase classname="Utilities.ReadXLSData" name="loginTest" time="4.511"/>
</testsuite> <!-- Utilities.ReadXLSData -->
